<?xml version="1.0" encoding="UTF-8"?>
<testng-results ignored="0" total="2" passed="1" failed="1" skipped="0">
  <reporter-output>
  </reporter-output>
  <suite started-at="2023-12-03T19:30:34 IST" name="Suite" finished-at="2023-12-03T19:49:17 IST" duration-ms="1122806">
    <groups>
    </groups>
    <test started-at="2023-12-03T19:30:34 IST" name="Test" finished-at="2023-12-03T19:49:17 IST" duration-ms="1122806">
      <class name="Temenos.ExternalReports.ExtentReportsDemo">
        <test-method is-config="true" signature="initializeDriver()[pri:0, instance:Temenos.ExternalReports.ExtentReportsDemo@3e27aa33]" started-at="2023-12-03T19:33:16 IST" name="initializeDriver" finished-at="2023-12-03T19:34:38 IST" duration-ms="82171" status="PASS">
          <reporter-output>
          </reporter-output>
        </test-method> <!-- initializeDriver -->
        <test-method signature="test1()[pri:0, instance:Temenos.ExternalReports.ExtentReportsDemo@3e27aa33]" started-at="2023-12-03T19:34:48 IST" name="test1" finished-at="2023-12-03T19:37:41 IST" duration-ms="172553" status="FAIL">
          <exception class="java.lang.AssertionError">
            <message>
              <![CDATA[expected [true] but found [false]]]>
            </message>
            <full-stacktrace>
              <![CDATA[java.lang.AssertionError: expected [true] but found [false]
at org.testng.Assert.fail(Assert.java:110)
at org.testng.Assert.failNotEquals(Assert.java:1577)
at org.testng.Assert.assertTrue(Assert.java:56)
at org.testng.Assert.assertTrue(Assert.java:66)
at Temenos.ExternalReports.ExtentReportsDemo.test1(ExtentReportsDemo.java:21)
at java.base/jdk.internal.reflect.NativeMethodAccessorImpl.invoke0(Native Method)
at java.base/jdk.internal.reflect.NativeMethodAccessorImpl.invoke(NativeMethodAccessorImpl.java:77)
at java.base/jdk.internal.reflect.DelegatingMethodAccessorImpl.invoke(DelegatingMethodAccessorImpl.java:43)
at java.base/java.lang.reflect.Method.invoke(Method.java:568)
at org.testng.internal.invokers.MethodInvocationHelper.invokeMethod(MethodInvocationHelper.java:139)
at org.testng.internal.invokers.TestInvoker.invokeMethod(TestInvoker.java:677)
at org.testng.internal.invokers.TestInvoker.invokeTestMethod(TestInvoker.java:221)
at org.testng.internal.invokers.MethodRunner.runInSequence(MethodRunner.java:50)
at org.testng.internal.invokers.TestInvoker$MethodInvocationAgent.invoke(TestInvoker.java:969)
at org.testng.internal.invokers.TestInvoker.invokeTestMethods(TestInvoker.java:194)
at org.testng.internal.invokers.TestMethodWorker.invokeTestMethods(TestMethodWorker.java:148)
at org.testng.internal.invokers.TestMethodWorker.run(TestMethodWorker.java:128)
at java.base/java.util.ArrayList.forEach(ArrayList.java:1511)
at org.testng.TestRunner.privateRun(TestRunner.java:829)
at org.testng.TestRunner.run(TestRunner.java:602)
at org.testng.SuiteRunner.runTest(SuiteRunner.java:437)
at org.testng.SuiteRunner.runSequentially(SuiteRunner.java:431)
at org.testng.SuiteRunner.privateRun(SuiteRunner.java:391)
at org.testng.SuiteRunner.run(SuiteRunner.java:330)
at org.testng.SuiteRunnerWorker.runSuite(SuiteRunnerWorker.java:52)
at org.testng.SuiteRunnerWorker.run(SuiteRunnerWorker.java:95)
at org.testng.TestNG.runSuitesSequentially(TestNG.java:1256)
at org.testng.TestNG.runSuitesLocally(TestNG.java:1176)
at org.testng.TestNG.runSuites(TestNG.java:1099)
at org.testng.TestNG.run(TestNG.java:1067)
at org.testng.remote.AbstractRemoteTestNG.run(AbstractRemoteTestNG.java:115)
at org.testng.remote.RemoteTestNG.initAndRun(RemoteTestNG.java:251)
at org.testng.remote.RemoteTestNG.main(RemoteTestNG.java:77)
]]>
            </full-stacktrace>
          </exception> <!-- java.lang.AssertionError -->
          <reporter-output>
          </reporter-output>
        </test-method> <!-- test1 -->
        <test-method is-config="true" signature="closeWindow()[pri:0, instance:Temenos.ExternalReports.ExtentReportsDemo@3e27aa33]" started-at="2023-12-03T19:38:32 IST" name="closeWindow" finished-at="2023-12-03T19:38:49 IST" duration-ms="17159" status="PASS">
          <reporter-output>
          </reporter-output>
        </test-method> <!-- closeWindow -->
        <test-method is-config="true" signature="initializeDriver()[pri:0, instance:Temenos.ExternalReports.ExtentReportsDemo@3e27aa33]" started-at="2023-12-03T19:39:18 IST" name="initializeDriver" finished-at="2023-12-03T19:39:25 IST" duration-ms="6486" status="PASS">
          <reporter-output>
          </reporter-output>
        </test-method> <!-- initializeDriver -->
        <test-method signature="test2()[pri:0, instance:Temenos.ExternalReports.ExtentReportsDemo@3e27aa33]" started-at="2023-12-03T19:39:25 IST" name="test2" finished-at="2023-12-03T19:39:50 IST" duration-ms="25499" status="PASS">
          <reporter-output>
          </reporter-output>
        </test-method> <!-- test2 -->
        <test-method is-config="true" signature="closeWindow()[pri:0, instance:Temenos.ExternalReports.ExtentReportsDemo@3e27aa33]" started-at="2023-12-03T19:49:16 IST" name="closeWindow" finished-at="2023-12-03T19:49:17 IST" duration-ms="1098" status="PASS">
          <reporter-output>
          </reporter-output>
        </test-method> <!-- closeWindow -->
      </class> <!-- Temenos.ExternalReports.ExtentReportsDemo -->
    </test> <!-- Test -->
  </suite> <!-- Suite -->
</testng-results>
